正在测试推送到Telegram...
Telegram推送失败，错误原因 连接返回空
正在测试推送到Telegram...
Telegram推送失败，错误原因 连接返回空
正在测试推送到Telegram...
Telegram推送失败，错误原因 连接返回空
正在测试推送到Telegram...
Telegram推送失败，错误原因 连接返回空
正在测试推送到Telegram...
Telegram推送失败，错误原因 连接返回空
正在测试推送到Telegram...
Telegram推送失败，错误原因 连接返回空
正在测试推送到Telegram...
Telegram推送失败，错误原因 连接返回空
正在测试推送到Telegram...
Telegram推送失败，错误原因 连接返回空
正在测试推送到Telegram...
Telegram推送失败，错误原因 连接返回空
正在测试推送到Telegram...
Telegram推送失败，错误原因 连接返回空
正在测试推送到Telegram...
Telegram推送失败，错误原因 连接返回空
正在测试推送到Telegram...
Telegram推送失败，错误原因 连接返回空
正在测试推送到Telegram...
Telegram推送失败，错误原因 连接返回空
正在测试推送到Telegram...
Telegram推送失败，错误原因 连接返回空
正在测试推送到Telegram...
Telegram推送失败，错误原因 连接返回空
正在测试推送到Telegram...
Telegram推送失败，错误原因 连接返回空
Telegram推送失败，错误原因 连接返回空
Telegram推送失败，错误原因 连接返回空
Telegram推送失败，错误原因 连接返回空
Telegram推送失败，错误原因 连接返回空
Telegram推送失败，错误原因 连接返回空
Telegram推送失败，错误原因 连接返回空
Telegram推送失败，错误原因 连接返回空
Telegram推送失败，错误原因 连接返回空
Bark推送成功
Bark推送成功
售罄
Bark推送成功
发送成功，请检查微信
售罄
Bark推送成功
发送成功，请检查微信
